2014-07-29 10:08:36,307 - Default Properties File: org\apache\velocity\runtime\defaults\velocity.properties
2014-07-29 10:08:36,307 - Trying to use logger class org.apache.velocity.runtime.log.AvalonLogChute
2014-07-29 10:08:36,307 - Target log system for org.apache.velocity.runtime.log.AvalonLogChute is not available (java.lang.NoClassDefFoundError: org/apache/log/format/Formatter).  Falling back to next log system...
2014-07-29 10:08:36,307 - Trying to use logger class org.apache.velocity.runtime.log.Log4JLogChute
2014-07-29 10:08:36,307 - Using logger class org.apache.velocity.runtime.log.Log4JLogChute
2014-07-29 10:08:36,312 - ResourceLoader instantiated: org.apache.velocity.runtime.resource.loader.StringResourceLoader
2014-07-29 10:08:36,314 - Creating string repository using class org.apache.velocity.runtime.resource.util.StringResourceRepositoryImpl...
2014-07-29 10:08:36,314 - Default repository encoding is UTF-8
2014-07-29 10:08:36,325 - ResourceCache: initialized (class org.apache.velocity.runtime.resource.ResourceCacheImpl) with class java.util.Collections$SynchronizedMap cache map.
2014-07-29 10:08:36,327 - Loaded System Directive: org.apache.velocity.runtime.directive.Stop
2014-07-29 10:08:36,328 - Loaded System Directive: org.apache.velocity.runtime.directive.Define
2014-07-29 10:08:36,329 - Loaded System Directive: org.apache.velocity.runtime.directive.Break
2014-07-29 10:08:36,330 - Loaded System Directive: org.apache.velocity.runtime.directive.Evaluate
2014-07-29 10:08:36,330 - Loaded System Directive: org.apache.velocity.runtime.directive.Literal
2014-07-29 10:08:36,332 - Loaded System Directive: org.apache.velocity.runtime.directive.Macro
2014-07-29 10:08:36,333 - Loaded System Directive: org.apache.velocity.runtime.directive.Parse
2014-07-29 10:08:36,334 - Loaded System Directive: org.apache.velocity.runtime.directive.Include
2014-07-29 10:08:36,335 - Loaded System Directive: org.apache.velocity.runtime.directive.Foreach
2014-07-29 10:08:36,377 - Created '20' parsers.
2014-07-29 10:08:36,384 - Velocimacro : "velocimacro.library" is not set.  Trying default library: VM_global_library.vm
2014-07-29 10:08:36,384 - Velocimacro : Default library not found.
2014-07-29 10:08:36,384 - Velocimacro : allowInline = true : VMs can be defined inline in templates
2014-07-29 10:08:36,384 - Velocimacro : allowInlineToOverride = false : VMs defined inline may NOT replace previous VM definitions
2014-07-29 10:08:36,384 - Velocimacro : allowInlineLocal = false : VMs defined inline will be global in scope if allowed.
2014-07-29 10:08:36,384 - Velocimacro : autoload off : VM system will not automatically reload global library macros
2014-07-29 10:08:36,395 - ResourceManager : found temp.vm with loader org.apache.velocity.runtime.resource.loader.StringResourceLoader
2014-07-29 11:40:53,605 - Log4JLogChute initialized using file 'velocity.log'
2014-07-29 11:40:53,606 - Initializing Velocity, Calling init()...
2014-07-29 11:40:53,606 - Starting Apache Velocity v1.7 (compiled: 2010-11-19 12:14:37)
2014-07-29 11:40:53,606 - Default Properties File: org\apache\velocity\runtime\defaults\velocity.properties
2014-07-29 11:40:53,606 - Trying to use logger class org.apache.velocity.runtime.log.AvalonLogChute
2014-07-29 11:40:53,606 - Target log system for org.apache.velocity.runtime.log.AvalonLogChute is not available (java.lang.NoClassDefFoundError: org/apache/log/format/Formatter).  Falling back to next log system...
2014-07-29 11:40:53,606 - Trying to use logger class org.apache.velocity.runtime.log.Log4JLogChute
2014-07-29 11:40:53,606 - Using logger class org.apache.velocity.runtime.log.Log4JLogChute
2014-07-29 11:40:53,612 - ResourceLoader instantiated: org.apache.velocity.runtime.resource.loader.StringResourceLoader
2014-07-29 11:40:53,613 - Creating string repository using class org.apache.velocity.runtime.resource.util.StringResourceRepositoryImpl...
2014-07-29 11:40:53,613 - Default repository encoding is UTF-8
2014-07-29 11:40:53,624 - ResourceCache: initialized (class org.apache.velocity.runtime.resource.ResourceCacheImpl) with class java.util.Collections$SynchronizedMap cache map.
2014-07-29 11:40:53,626 - Loaded System Directive: org.apache.velocity.runtime.directive.Stop
2014-07-29 11:40:53,627 - Loaded System Directive: org.apache.velocity.runtime.directive.Define
2014-07-29 11:40:53,628 - Loaded System Directive: org.apache.velocity.runtime.directive.Break
2014-07-29 11:40:53,629 - Loaded System Directive: org.apache.velocity.runtime.directive.Evaluate
2014-07-29 11:40:53,629 - Loaded System Directive: org.apache.velocity.runtime.directive.Literal
2014-07-29 11:40:53,631 - Loaded System Directive: org.apache.velocity.runtime.directive.Macro
2014-07-29 11:40:53,632 - Loaded System Directive: org.apache.velocity.runtime.directive.Parse
2014-07-29 11:40:53,633 - Loaded System Directive: org.apache.velocity.runtime.directive.Include
2014-07-29 11:40:53,635 - Loaded System Directive: org.apache.velocity.runtime.directive.Foreach
2014-07-29 11:40:53,666 - Created '20' parsers.
2014-07-29 11:40:53,673 - Velocimacro : "velocimacro.library" is not set.  Trying default library: VM_global_library.vm
2014-07-29 11:40:53,673 - Velocimacro : Default library not found.
2014-07-29 11:40:53,673 - Velocimacro : allowInline = true : VMs can be defined inline in templates
2014-07-29 11:40:53,674 - Velocimacro : allowInlineToOverride = false : VMs defined inline may NOT replace previous VM definitions
2014-07-29 11:40:53,674 - Velocimacro : allowInlineLocal = false : VMs defined inline will be global in scope if allowed.
2014-07-29 11:40:53,674 - Velocimacro : autoload off : VM system will not automatically reload global library macros
2014-07-29 11:40:53,685 - ResourceManager : found temp.vm with loader org.apache.velocity.runtime.resource.loader.StringResourceLoader
2014-07-29 11:41:24,680 - Log4JLogChute initialized using file 'velocity.log'
2014-07-29 11:41:24,681 - Initializing Velocity, Calling init()...
2014-07-29 11:41:24,681 - Starting Apache Velocity v1.7 (compiled: 2010-11-19 12:14:37)
2014-07-29 11:41:24,681 - Default Properties File: org\apache\velocity\runtime\defaults\velocity.properties
2014-07-29 11:41:24,681 - Trying to use logger class org.apache.velocity.runtime.log.AvalonLogChute
2014-07-29 11:41:24,681 - Target log system for org.apache.velocity.runtime.log.AvalonLogChute is not available (java.lang.NoClassDefFoundError: org/apache/log/format/Formatter).  Falling back to next log system...
2014-07-29 11:41:24,681 - Trying to use logger class org.apache.velocity.runtime.log.Log4JLogChute
2014-07-29 11:41:24,681 - Using logger class org.apache.velocity.runtime.log.Log4JLogChute
2014-07-29 11:41:24,687 - ResourceLoader instantiated: org.apache.velocity.runtime.resource.loader.StringResourceLoader
2014-07-29 11:41:24,688 - Creating string repository using class org.apache.velocity.runtime.resource.util.StringResourceRepositoryImpl...
2014-07-29 11:41:24,688 - Default repository encoding is UTF-8
2014-07-29 11:41:24,702 - ResourceCache: initialized (class org.apache.velocity.runtime.resource.ResourceCacheImpl) with class java.util.Collections$SynchronizedMap cache map.
2014-07-29 11:41:24,704 - Loaded System Directive: org.apache.velocity.runtime.directive.Stop
2014-07-29 11:41:24,705 - Loaded System Directive: org.apache.velocity.runtime.directive.Define
2014-07-29 11:41:24,706 - Loaded System Directive: org.apache.velocity.runtime.directive.Break
2014-07-29 11:41:24,707 - Loaded System Directive: org.apache.velocity.runtime.directive.Evaluate
2014-07-29 11:41:24,708 - Loaded System Directive: org.apache.velocity.runtime.directive.Literal
2014-07-29 11:41:24,709 - Loaded System Directive: org.apache.velocity.runtime.directive.Macro
2014-07-29 11:41:24,710 - Loaded System Directive: org.apache.velocity.runtime.directive.Parse
2014-07-29 11:41:24,712 - Loaded System Directive: org.apache.velocity.runtime.directive.Include
2014-07-29 11:41:24,713 - Loaded System Directive: org.apache.velocity.runtime.directive.Foreach
2014-07-29 11:41:24,747 - Created '20' parsers.
2014-07-29 11:41:24,755 - Velocimacro : "velocimacro.library" is not set.  Trying default library: VM_global_library.vm
2014-07-29 11:41:24,755 - Velocimacro : Default library not found.
2014-07-29 11:41:24,755 - Velocimacro : allowInline = true : VMs can be defined inline in templates
2014-07-29 11:41:24,755 - Velocimacro : allowInlineToOverride = false : VMs defined inline may NOT replace previous VM definitions
2014-07-29 11:41:24,755 - Velocimacro : allowInlineLocal = false : VMs defined inline will be global in scope if allowed.
2014-07-29 11:41:24,755 - Velocimacro : autoload off : VM system will not automatically reload global library macros
2014-07-29 11:41:24,767 - ResourceManager : found temp.vm with loader org.apache.velocity.runtime.resource.loader.StringResourceLoader
2014-07-29 11:41:51,222 - Log4JLogChute initialized using file 'velocity.log'
2014-07-29 11:41:51,222 - Initializing Velocity, Calling init()...
2014-07-29 11:41:51,222 - Starting Apache Velocity v1.7 (compiled: 2010-11-19 12:14:37)
2014-07-29 11:41:51,222 - Default Properties File: org\apache\velocity\runtime\defaults\velocity.properties
2014-07-29 11:41:51,222 - Trying to use logger class org.apache.velocity.runtime.log.AvalonLogChute
2014-07-29 11:41:51,222 - Target log system for org.apache.velocity.runtime.log.AvalonLogChute is not available (java.lang.NoClassDefFoundError: org/apache/log/format/Formatter).  Falling back to next log system...
2014-07-29 11:41:51,223 - Trying to use logger class org.apache.velocity.runtime.log.Log4JLogChute
2014-07-29 11:41:51,223 - Using logger class org.apache.velocity.runtime.log.Log4JLogChute
2014-07-29 11:41:51,229 - ResourceLoader instantiated: org.apache.velocity.runtime.resource.loader.StringResourceLoader
2014-07-29 11:41:51,230 - Creating string repository using class org.apache.velocity.runtime.resource.util.StringResourceRepositoryImpl...
2014-07-29 11:41:51,230 - Default repository encoding is UTF-8
2014-07-29 11:41:51,244 - ResourceCache: initialized (class org.apache.velocity.runtime.resource.ResourceCacheImpl) with class java.util.Collections$SynchronizedMap cache map.
2014-07-29 11:41:51,246 - Loaded System Directive: org.apache.velocity.runtime.directive.Stop
2014-07-29 11:41:51,247 - Loaded System Directive: org.apache.velocity.runtime.directive.Define
2014-07-29 11:41:51,248 - Loaded System Directive: org.apache.velocity.runtime.directive.Break
2014-07-29 11:41:51,248 - Loaded System Directive: org.apache.velocity.runtime.directive.Evaluate
2014-07-29 11:41:51,249 - Loaded System Directive: org.apache.velocity.runtime.directive.Literal
2014-07-29 11:41:51,251 - Loaded System Directive: org.apache.velocity.runtime.directive.Macro
2014-07-29 11:41:51,252 - Loaded System Directive: org.apache.velocity.runtime.directive.Parse
2014-07-29 11:41:51,254 - Loaded System Directive: org.apache.velocity.runtime.directive.Include
2014-07-29 11:41:51,255 - Loaded System Directive: org.apache.velocity.runtime.directive.Foreach
2014-07-29 11:41:51,288 - Created '20' parsers.
2014-07-29 11:41:51,296 - Velocimacro : "velocimacro.library" is not set.  Trying default library: VM_global_library.vm
2014-07-29 11:41:51,296 - Velocimacro : Default library not found.
2014-07-29 11:41:51,296 - Velocimacro : allowInline = true : VMs can be defined inline in templates
2014-07-29 11:41:51,296 - Velocimacro : allowInlineToOverride = false : VMs defined inline may NOT replace previous VM definitions
2014-07-29 11:41:51,296 - Velocimacro : allowInlineLocal = false : VMs defined inline will be global in scope if allowed.
2014-07-29 11:41:51,296 - Velocimacro : autoload off : VM system will not automatically reload global library macros
2014-07-29 11:41:51,308 - ResourceManager : found temp.vm with loader org.apache.velocity.runtime.resource.loader.StringResourceLoader
2014-07-29 11:42:16,418 - Log4JLogChute initialized using file 'velocity.log'
2014-07-29 11:42:16,418 - Initializing Velocity, Calling init()...
2014-07-29 11:42:16,418 - Starting Apache Velocity v1.7 (compiled: 2010-11-19 12:14:37)
2014-07-29 11:42:16,418 - Default Properties File: org\apache\velocity\runtime\defaults\velocity.properties
2014-07-29 11:42:16,418 - Trying to use logger class org.apache.velocity.runtime.log.AvalonLogChute
2014-07-29 11:42:16,418 - Target log system for org.apache.velocity.runtime.log.AvalonLogChute is not available (java.lang.NoClassDefFoundError: org/apache/log/format/Formatter).  Falling back to next log system...
2014-07-29 11:42:16,419 - Trying to use logger class org.apache.velocity.runtime.log.Log4JLogChute
2014-07-29 11:42:16,419 - Using logger class org.apache.velocity.runtime.log.Log4JLogChute
2014-07-29 11:42:16,424 - ResourceLoader instantiated: org.apache.velocity.runtime.resource.loader.StringResourceLoader
2014-07-29 11:42:16,426 - Creating string repository using class org.apache.velocity.runtime.resource.util.StringResourceRepositoryImpl...
2014-07-29 11:42:16,426 - Default repository encoding is UTF-8
2014-07-29 11:42:16,439 - ResourceCache: initialized (class org.apache.velocity.runtime.resource.ResourceCacheImpl) with class java.util.Collections$SynchronizedMap cache map.
2014-07-29 11:42:16,441 - Loaded System Directive: org.apache.velocity.runtime.directive.Stop
2014-07-29 11:42:16,442 - Loaded System Directive: org.apache.velocity.runtime.directive.Define
2014-07-29 11:42:16,443 - Loaded System Directive: org.apache.velocity.runtime.directive.Break
2014-07-29 11:42:16,444 - Loaded System Directive: org.apache.velocity.runtime.directive.Evaluate
2014-07-29 11:42:16,445 - Loaded System Directive: org.apache.velocity.runtime.directive.Literal
2014-07-29 11:42:16,446 - Loaded System Directive: org.apache.velocity.runtime.directive.Macro
2014-07-29 11:42:16,448 - Loaded System Directive: org.apache.velocity.runtime.directive.Parse
2014-07-29 11:42:16,449 - Loaded System Directive: org.apache.velocity.runtime.directive.Include
2014-07-29 11:42:16,450 - Loaded System Directive: org.apache.velocity.runtime.directive.Foreach
2014-07-29 11:42:16,483 - Created '20' parsers.
2014-07-29 11:42:16,491 - Velocimacro : "velocimacro.library" is not set.  Trying default library: VM_global_library.vm
2014-07-29 11:42:16,491 - Velocimacro : Default library not found.
2014-07-29 11:42:16,491 - Velocimacro : allowInline = true : VMs can be defined inline in templates
2014-07-29 11:42:16,491 - Velocimacro : allowInlineToOverride = false : VMs defined inline may NOT replace previous VM definitions
2014-07-29 11:42:16,491 - Velocimacro : allowInlineLocal = false : VMs defined inline will be global in scope if allowed.
2014-07-29 11:42:16,491 - Velocimacro : autoload off : VM system will not automatically reload global library macros
2014-07-29 11:42:16,503 - ResourceManager : found temp.vm with loader org.apache.velocity.runtime.resource.loader.StringResourceLoader
2014-07-29 11:42:34,008 - Log4JLogChute initialized using file 'velocity.log'
2014-07-29 11:42:34,009 - Initializing Velocity, Calling init()...
2014-07-29 11:42:34,009 - Starting Apache Velocity v1.7 (compiled: 2010-11-19 12:14:37)
2014-07-29 11:42:34,009 - Default Properties File: org\apache\velocity\runtime\defaults\velocity.properties
2014-07-29 11:42:34,009 - Trying to use logger class org.apache.velocity.runtime.log.AvalonLogChute
2014-07-29 11:42:34,009 - Target log system for org.apache.velocity.runtime.log.AvalonLogChute is not available (java.lang.NoClassDefFoundError: org/apache/log/format/Formatter).  Falling back to next log system...
2014-07-29 11:42:34,010 - Trying to use logger class org.apache.velocity.runtime.log.Log4JLogChute
2014-07-29 11:42:34,010 - Using logger class org.apache.velocity.runtime.log.Log4JLogChute
2014-07-29 11:42:34,016 - ResourceLoader instantiated: org.apache.velocity.runtime.resource.loader.StringResourceLoader
2014-07-29 11:42:34,018 - Creating string repository using class org.apache.velocity.runtime.resource.util.StringResourceRepositoryImpl...
2014-07-29 11:42:34,018 - Default repository encoding is UTF-8
2014-07-29 11:42:34,032 - ResourceCache: initialized (class org.apache.velocity.runtime.resource.ResourceCacheImpl) with class java.util.Collections$SynchronizedMap cache map.
2014-07-29 11:42:34,034 - Loaded System Directive: org.apache.velocity.runtime.directive.Stop
2014-07-29 11:42:34,036 - Loaded System Directive: org.apache.velocity.runtime.directive.Define
2014-07-29 11:42:34,037 - Loaded System Directive: org.apache.velocity.runtime.directive.Break
2014-07-29 11:42:34,038 - Loaded System Directive: org.apache.velocity.runtime.directive.Evaluate
2014-07-29 11:42:34,038 - Loaded System Directive: org.apache.velocity.runtime.directive.Literal
2014-07-29 11:42:34,040 - Loaded System Directive: org.apache.velocity.runtime.directive.Macro
2014-07-29 11:42:34,041 - Loaded System Directive: org.apache.velocity.runtime.directive.Parse
2014-07-29 11:42:34,043 - Loaded System Directive: org.apache.velocity.runtime.directive.Include
2014-07-29 11:42:34,045 - Loaded System Directive: org.apache.velocity.runtime.directive.Foreach
2014-07-29 11:42:34,079 - Created '20' parsers.
2014-07-29 11:42:34,088 - Velocimacro : "velocimacro.library" is not set.  Trying default library: VM_global_library.vm
2014-07-29 11:42:34,088 - Velocimacro : Default library not found.
2014-07-29 11:42:34,088 - Velocimacro : allowInline = true : VMs can be defined inline in templates
2014-07-29 11:42:34,088 - Velocimacro : allowInlineToOverride = false : VMs defined inline may NOT replace previous VM definitions
2014-07-29 11:42:34,088 - Velocimacro : allowInlineLocal = false : VMs defined inline will be global in scope if allowed.
2014-07-29 11:42:34,088 - Velocimacro : autoload off : VM system will not automatically reload global library macros
2014-07-29 11:42:34,103 - ResourceManager : found temp.vm with loader org.apache.velocity.runtime.resource.loader.StringResourceLoader
2014-07-29 11:42:55,468 - Log4JLogChute initialized using file 'velocity.log'
2014-07-29 11:42:55,469 - Initializing Velocity, Calling init()...
2014-07-29 11:42:55,469 - Starting Apache Velocity v1.7 (compiled: 2010-11-19 12:14:37)
2014-07-29 11:42:55,469 - Default Properties File: org\apache\velocity\runtime\defaults\velocity.properties
2014-07-29 11:42:55,469 - Trying to use logger class org.apache.velocity.runtime.log.AvalonLogChute
2014-07-29 11:42:55,469 - Target log system for org.apache.velocity.runtime.log.AvalonLogChute is not available (java.lang.NoClassDefFoundError: org/apache/log/format/Formatter).  Falling back to next log system...
2014-07-29 11:42:55,469 - Trying to use logger class org.apache.velocity.runtime.log.Log4JLogChute
2014-07-29 11:42:55,469 - Using logger class org.apache.velocity.runtime.log.Log4JLogChute
2014-07-29 11:42:55,475 - ResourceLoader instantiated: org.apache.velocity.runtime.resource.loader.StringResourceLoader
2014-07-29 11:42:55,477 - Creating string repository using class org.apache.velocity.runtime.resource.util.StringResourceRepositoryImpl...
2014-07-29 11:42:55,477 - Default repository encoding is UTF-8
2014-07-29 11:42:55,509 - ResourceCache: initialized (class org.apache.velocity.runtime.resource.ResourceCacheImpl) with class java.util.Collections$SynchronizedMap cache map.
2014-07-29 11:42:55,511 - Loaded System Directive: org.apache.velocity.runtime.directive.Stop
2014-07-29 11:42:55,513 - Loaded System Directive: org.apache.velocity.runtime.directive.Define
2014-07-29 11:42:55,513 - Loaded System Directive: org.apache.velocity.runtime.directive.Break
2014-07-29 11:42:55,514 - Loaded System Directive: org.apache.velocity.runtime.directive.Evaluate
2014-07-29 11:42:55,515 - Loaded System Directive: org.apache.velocity.runtime.directive.Literal
2014-07-29 11:42:55,517 - Loaded System Directive: org.apache.velocity.runtime.directive.Macro
2014-07-29 11:42:55,518 - Loaded System Directive: org.apache.velocity.runtime.directive.Parse
2014-07-29 11:42:55,520 - Loaded System Directive: org.apache.velocity.runtime.directive.Include
2014-07-29 11:42:55,521 - Loaded System Directive: org.apache.velocity.runtime.directive.Foreach
2014-07-29 11:42:55,555 - Created '20' parsers.
2014-07-29 11:42:55,564 - Velocimacro : "velocimacro.library" is not set.  Trying default library: VM_global_library.vm
2014-07-29 11:42:55,564 - Velocimacro : Default library not found.
2014-07-29 11:42:55,564 - Velocimacro : allowInline = true : VMs can be defined inline in templates
2014-07-29 11:42:55,564 - Velocimacro : allowInlineToOverride = false : VMs defined inline may NOT replace previous VM definitions
2014-07-29 11:42:55,564 - Velocimacro : allowInlineLocal = false : VMs defined inline will be global in scope if allowed.
2014-07-29 11:42:55,564 - Velocimacro : autoload off : VM system will not automatically reload global library macros
2014-07-29 11:42:55,579 - ResourceManager : found temp.vm with loader org.apache.velocity.runtime.resource.loader.StringResourceLoader
2014-07-29 11:43:26,173 - Log4JLogChute initialized using file 'velocity.log'
2014-07-29 11:43:26,173 - Initializing Velocity, Calling init()...
2014-07-29 11:43:26,173 - Starting Apache Velocity v1.7 (compiled: 2010-11-19 12:14:37)
2014-07-29 11:43:26,174 - Default Properties File: org\apache\velocity\runtime\defaults\velocity.properties
2014-07-29 11:43:26,174 - Trying to use logger class org.apache.velocity.runtime.log.AvalonLogChute
2014-07-29 11:43:26,174 - Target log system for org.apache.velocity.runtime.log.AvalonLogChute is not available (java.lang.NoClassDefFoundError: org/apache/log/format/Formatter).  Falling back to next log system...
2014-07-29 11:43:26,174 - Trying to use logger class org.apache.velocity.runtime.log.Log4JLogChute
2014-07-29 11:43:26,174 - Using logger class org.apache.velocity.runtime.log.Log4JLogChute
2014-07-29 11:43:26,180 - ResourceLoader instantiated: org.apache.velocity.runtime.resource.loader.StringResourceLoader
2014-07-29 11:43:26,181 - Creating string repository using class org.apache.velocity.runtime.resource.util.StringResourceRepositoryImpl...
2014-07-29 11:43:26,182 - Default repository encoding is UTF-8
2014-07-29 11:43:26,195 - ResourceCache: initialized (class org.apache.velocity.runtime.resource.ResourceCacheImpl) with class java.util.Collections$SynchronizedMap cache map.
2014-07-29 11:43:26,197 - Loaded System Directive: org.apache.velocity.runtime.directive.Stop
2014-07-29 11:43:26,199 - Loaded System Directive: org.apache.velocity.runtime.directive.Define
2014-07-29 11:43:26,200 - Loaded System Directive: org.apache.velocity.runtime.directive.Break
2014-07-29 11:43:26,201 - Loaded System Directive: org.apache.velocity.runtime.directive.Evaluate
2014-07-29 11:43:26,201 - Loaded System Directive: org.apache.velocity.runtime.directive.Literal
2014-07-29 11:43:26,203 - Loaded System Directive: org.apache.velocity.runtime.directive.Macro
2014-07-29 11:43:26,204 - Loaded System Directive: org.apache.velocity.runtime.directive.Parse
2014-07-29 11:43:26,206 - Loaded System Directive: org.apache.velocity.runtime.directive.Include
2014-07-29 11:43:26,207 - Loaded System Directive: org.apache.velocity.runtime.directive.Foreach
2014-07-29 11:43:26,241 - Created '20' parsers.
2014-07-29 11:43:26,250 - Velocimacro : "velocimacro.library" is not set.  Trying default library: VM_global_library.vm
2014-07-29 11:43:26,250 - Velocimacro : Default library not found.
2014-07-29 11:43:26,250 - Velocimacro : allowInline = true : VMs can be defined inline in templates
2014-07-29 11:43:26,250 - Velocimacro : allowInlineToOverride = false : VMs defined inline may NOT replace previous VM definitions
2014-07-29 11:43:26,250 - Velocimacro : allowInlineLocal = false : VMs defined inline will be global in scope if allowed.
2014-07-29 11:43:26,250 - Velocimacro : autoload off : VM system will not automatically reload global library macros
2014-07-29 11:43:26,265 - ResourceManager : found temp.vm with loader org.apache.velocity.runtime.resource.loader.StringResourceLoader
2014-07-29 11:43:37,184 - Log4JLogChute initialized using file 'velocity.log'
2014-07-29 11:43:37,185 - Initializing Velocity, Calling init()...
2014-07-29 11:43:37,185 - Starting Apache Velocity v1.7 (compiled: 2010-11-19 12:14:37)
2014-07-29 11:43:37,185 - Default Properties File: org\apache\velocity\runtime\defaults\velocity.properties
2014-07-29 11:43:37,185 - Trying to use logger class org.apache.velocity.runtime.log.AvalonLogChute
2014-07-29 11:43:37,185 - Target log system for org.apache.velocity.runtime.log.AvalonLogChute is not available (java.lang.NoClassDefFoundError: org/apache/log/format/Formatter).  Falling back to next log system...
2014-07-29 11:43:37,185 - Trying to use logger class org.apache.velocity.runtime.log.Log4JLogChute
2014-07-29 11:43:37,185 - Using logger class org.apache.velocity.runtime.log.Log4JLogChute
2014-07-29 11:43:37,191 - ResourceLoader instantiated: org.apache.velocity.runtime.resource.loader.StringResourceLoader
2014-07-29 11:43:37,192 - Creating string repository using class org.apache.velocity.runtime.resource.util.StringResourceRepositoryImpl...
2014-07-29 11:43:37,192 - Default repository encoding is UTF-8
2014-07-29 11:43:37,206 - ResourceCache: initialized (class org.apache.velocity.runtime.resource.ResourceCacheImpl) with class java.util.Collections$SynchronizedMap cache map.
2014-07-29 11:43:37,208 - Loaded System Directive: org.apache.velocity.runtime.directive.Stop
2014-07-29 11:43:37,209 - Loaded System Directive: org.apache.velocity.runtime.directive.Define
2014-07-29 11:43:37,210 - Loaded System Directive: org.apache.velocity.runtime.directive.Break
2014-07-29 11:43:37,210 - Loaded System Directive: org.apache.velocity.runtime.directive.Evaluate
2014-07-29 11:43:37,211 - Loaded System Directive: org.apache.velocity.runtime.directive.Literal
2014-07-29 11:43:37,212 - Loaded System Directive: org.apache.velocity.runtime.directive.Macro
2014-07-29 11:43:37,214 - Loaded System Directive: org.apache.velocity.runtime.directive.Parse
2014-07-29 11:43:37,215 - Loaded System Directive: org.apache.velocity.runtime.directive.Include
2014-07-29 11:43:37,216 - Loaded System Directive: org.apache.velocity.runtime.directive.Foreach
2014-07-29 11:43:37,250 - Created '20' parsers.
2014-07-29 11:43:37,258 - Velocimacro : "velocimacro.library" is not set.  Trying default library: VM_global_library.vm
2014-07-29 11:43:37,258 - Velocimacro : Default library not found.
2014-07-29 11:43:37,258 - Velocimacro : allowInline = true : VMs can be defined inline in templates
2014-07-29 11:43:37,258 - Velocimacro : allowInlineToOverride = false : VMs defined inline may NOT replace previous VM definitions
2014-07-29 11:43:37,258 - Velocimacro : allowInlineLocal = false : VMs defined inline will be global in scope if allowed.
2014-07-29 11:43:37,258 - Velocimacro : autoload off : VM system will not automatically reload global library macros
2014-07-29 11:43:37,270 - ResourceManager : found temp.vm with loader org.apache.velocity.runtime.resource.loader.StringResourceLoader
2014-07-29 11:44:02,442 - Log4JLogChute initialized using file 'velocity.log'
2014-07-29 11:44:02,443 - Initializing Velocity, Calling init()...
2014-07-29 11:44:02,443 - Starting Apache Velocity v1.7 (compiled: 2010-11-19 12:14:37)
2014-07-29 11:44:02,443 - Default Properties File: org\apache\velocity\runtime\defaults\velocity.properties
2014-07-29 11:44:02,443 - Trying to use logger class org.apache.velocity.runtime.log.AvalonLogChute
2014-07-29 11:44:02,443 - Target log system for org.apache.velocity.runtime.log.AvalonLogChute is not available (java.lang.NoClassDefFoundError: org/apache/log/format/Formatter).  Falling back to next log system...
2014-07-29 11:44:02,443 - Trying to use logger class org.apache.velocity.runtime.log.Log4JLogChute
2014-07-29 11:44:02,443 - Using logger class org.apache.velocity.runtime.log.Log4JLogChute
2014-07-29 11:44:02,449 - ResourceLoader instantiated: org.apache.velocity.runtime.resource.loader.StringResourceLoader
2014-07-29 11:44:02,450 - Creating string repository using class org.apache.velocity.runtime.resource.util.StringResourceRepositoryImpl...
2014-07-29 11:44:02,451 - Default repository encoding is UTF-8
2014-07-29 11:44:02,464 - ResourceCache: initialized (class org.apache.velocity.runtime.resource.ResourceCacheImpl) with class java.util.Collections$SynchronizedMap cache map.
2014-07-29 11:44:02,466 - Loaded System Directive: org.apache.velocity.runtime.directive.Stop
2014-07-29 11:44:02,467 - Loaded System Directive: org.apache.velocity.runtime.directive.Define
2014-07-29 11:44:02,468 - Loaded System Directive: org.apache.velocity.runtime.directive.Break
2014-07-29 11:44:02,469 - Loaded System Directive: org.apache.velocity.runtime.directive.Evaluate
2014-07-29 11:44:02,470 - Loaded System Directive: org.apache.velocity.runtime.directive.Literal
2014-07-29 11:44:02,471 - Loaded System Directive: org.apache.velocity.runtime.directive.Macro
2014-07-29 11:44:02,473 - Loaded System Directive: org.apache.velocity.runtime.directive.Parse
2014-07-29 11:44:02,474 - Loaded System Directive: org.apache.velocity.runtime.directive.Include
2014-07-29 11:44:02,475 - Loaded System Directive: org.apache.velocity.runtime.directive.Foreach
2014-07-29 11:44:02,508 - Created '20' parsers.
2014-07-29 11:44:02,516 - Velocimacro : "velocimacro.library" is not set.  Trying default library: VM_global_library.vm
2014-07-29 11:44:02,516 - Velocimacro : Default library not found.
2014-07-29 11:44:02,516 - Velocimacro : allowInline = true : VMs can be defined inline in templates
2014-07-29 11:44:02,517 - Velocimacro : allowInlineToOverride = false : VMs defined inline may NOT replace previous VM definitions
2014-07-29 11:44:02,517 - Velocimacro : allowInlineLocal = false : VMs defined inline will be global in scope if allowed.
2014-07-29 11:44:02,517 - Velocimacro : autoload off : VM system will not automatically reload global library macros
2014-07-29 11:44:02,529 - ResourceManager : found temp.vm with loader org.apache.velocity.runtime.resource.loader.StringResourceLoader
2014-07-29 11:52:18,763 - Log4JLogChute initialized using file 'velocity.log'
2014-07-29 11:52:18,763 - Initializing Velocity, Calling init()...
2014-07-29 11:52:18,763 - Starting Apache Velocity v1.7 (compiled: 2010-11-19 12:14:37)
2014-07-29 11:52:18,763 - Default Properties File: org\apache\velocity\runtime\defaults\velocity.properties
2014-07-29 11:52:18,763 - Trying to use logger class org.apache.velocity.runtime.log.AvalonLogChute
2014-07-29 11:52:18,763 - Target log system for org.apache.velocity.runtime.log.AvalonLogChute is not available (java.lang.NoClassDefFoundError: org/apache/log/format/Formatter).  Falling back to next log system...
2014-07-29 11:52:18,763 - Trying to use logger class org.apache.velocity.runtime.log.Log4JLogChute
2014-07-29 11:52:18,763 - Using logger class org.apache.velocity.runtime.log.Log4JLogChute
2014-07-29 11:52:18,769 - ResourceLoader instantiated: org.apache.velocity.runtime.resource.loader.StringResourceLoader
2014-07-29 11:52:18,770 - Creating string repository using class org.apache.velocity.runtime.resource.util.StringResourceRepositoryImpl...
2014-07-29 11:52:18,770 - Default repository encoding is UTF-8
2014-07-29 11:52:18,782 - ResourceCache: initialized (class org.apache.velocity.runtime.resource.ResourceCacheImpl) with class java.util.Collections$SynchronizedMap cache map.
2014-07-29 11:52:18,783 - Loaded System Directive: org.apache.velocity.runtime.directive.Stop
2014-07-29 11:52:18,785 - Loaded System Directive: org.apache.velocity.runtime.directive.Define
2014-07-29 11:52:18,785 - Loaded System Directive: org.apache.velocity.runtime.directive.Break
2014-07-29 11:52:18,786 - Loaded System Directive: org.apache.velocity.runtime.directive.Evaluate
2014-07-29 11:52:18,787 - Loaded System Directive: org.apache.velocity.runtime.directive.Literal
2014-07-29 11:52:18,788 - Loaded System Directive: org.apache.velocity.runtime.directive.Macro
2014-07-29 11:52:18,789 - Loaded System Directive: org.apache.velocity.runtime.directive.Parse
2014-07-29 11:52:18,791 - Loaded System Directive: org.apache.velocity.runtime.directive.Include
2014-07-29 11:52:18,792 - Loaded System Directive: org.apache.velocity.runtime.directive.Foreach
2014-07-29 11:52:18,822 - Created '20' parsers.
2014-07-29 11:52:18,830 - Velocimacro : "velocimacro.library" is not set.  Trying default library: VM_global_library.vm
2014-07-29 11:52:18,830 - Velocimacro : Default library not found.
2014-07-29 11:52:18,830 - Velocimacro : allowInline = true : VMs can be defined inline in templates
2014-07-29 11:52:18,830 - Velocimacro : allowInlineToOverride = false : VMs defined inline may NOT replace previous VM definitions
2014-07-29 11:52:18,830 - Velocimacro : allowInlineLocal = false : VMs defined inline will be global in scope if allowed.
2014-07-29 11:52:18,830 - Velocimacro : autoload off : VM system will not automatically reload global library macros
2014-07-29 11:52:18,841 - ResourceManager : found temp.vm with loader org.apache.velocity.runtime.resource.loader.StringResourceLoader
2014-07-29 11:58:24,125 - Log4JLogChute initialized using file 'velocity.log'
2014-07-29 11:58:24,126 - Initializing Velocity, Calling init()...
2014-07-29 11:58:24,126 - Starting Apache Velocity v1.7 (compiled: 2010-11-19 12:14:37)
2014-07-29 11:58:24,126 - Default Properties File: org\apache\velocity\runtime\defaults\velocity.properties
2014-07-29 11:58:24,126 - Trying to use logger class org.apache.velocity.runtime.log.AvalonLogChute
2014-07-29 11:58:24,126 - Target log system for org.apache.velocity.runtime.log.AvalonLogChute is not available (java.lang.NoClassDefFoundError: org/apache/log/format/Formatter).  Falling back to next log system...
2014-07-29 11:58:24,126 - Trying to use logger class org.apache.velocity.runtime.log.Log4JLogChute
2014-07-29 11:58:24,126 - Using logger class org.apache.velocity.runtime.log.Log4JLogChute
2014-07-29 11:58:24,133 - ResourceLoader instantiated: org.apache.velocity.runtime.resource.loader.StringResourceLoader
2014-07-29 11:58:24,135 - Creating string repository using class org.apache.velocity.runtime.resource.util.StringResourceRepositoryImpl...
2014-07-29 11:58:24,135 - Default repository encoding is UTF-8
2014-07-29 11:58:24,150 - ResourceCache: initialized (class org.apache.velocity.runtime.resource.ResourceCacheImpl) with class java.util.Collections$SynchronizedMap cache map.
2014-07-29 11:58:24,152 - Loaded System Directive: org.apache.velocity.runtime.directive.Stop
2014-07-29 11:58:24,154 - Loaded System Directive: org.apache.velocity.runtime.directive.Define
2014-07-29 11:58:24,155 - Loaded System Directive: org.apache.velocity.runtime.directive.Break
2014-07-29 11:58:24,156 - Loaded System Directive: org.apache.velocity.runtime.directive.Evaluate
2014-07-29 11:58:24,157 - Loaded System Directive: org.apache.velocity.runtime.directive.Literal
2014-07-29 11:58:24,158 - Loaded System Directive: org.apache.velocity.runtime.directive.Macro
2014-07-29 11:58:24,160 - Loaded System Directive: org.apache.velocity.runtime.directive.Parse
2014-07-29 11:58:24,162 - Loaded System Directive: org.apache.velocity.runtime.directive.Include
2014-07-29 11:58:24,163 - Loaded System Directive: org.apache.velocity.runtime.directive.Foreach
2014-07-29 11:58:24,219 - Created '20' parsers.
2014-07-29 11:58:24,227 - Velocimacro : "velocimacro.library" is not set.  Trying default library: VM_global_library.vm
2014-07-29 11:58:24,227 - Velocimacro : Default library not found.
2014-07-29 11:58:24,227 - Velocimacro : allowInline = true : VMs can be defined inline in templates
2014-07-29 11:58:24,227 - Velocimacro : allowInlineToOverride = false : VMs defined inline may NOT replace previous VM definitions
2014-07-29 11:58:24,227 - Velocimacro : allowInlineLocal = false : VMs defined inline will be global in scope if allowed.
2014-07-29 11:58:24,227 - Velocimacro : autoload off : VM system will not automatically reload global library macros
2014-07-29 11:58:24,238 - ResourceManager : found temp.vm with loader org.apache.velocity.runtime.resource.loader.StringResourceLoader
2014-07-29 12:01:28,682 - Log4JLogChute initialized using file 'velocity.log'
2014-07-29 12:01:28,683 - Initializing Velocity, Calling init()...
2014-07-29 12:01:28,683 - Starting Apache Velocity v1.7 (compiled: 2010-11-19 12:14:37)
2014-07-29 12:01:28,683 - Default Properties File: org\apache\velocity\runtime\defaults\velocity.properties
2014-07-29 12:01:28,683 - Trying to use logger class org.apache.velocity.runtime.log.AvalonLogChute
2014-07-29 12:01:28,683 - Target log system for org.apache.velocity.runtime.log.AvalonLogChute is not available (java.lang.NoClassDefFoundError: org/apache/log/format/Formatter).  Falling back to next log system...
2014-07-29 12:01:28,683 - Trying to use logger class org.apache.velocity.runtime.log.Log4JLogChute
2014-07-29 12:01:28,683 - Using logger class org.apache.velocity.runtime.log.Log4JLogChute
2014-07-29 12:01:28,688 - ResourceLoader instantiated: org.apache.velocity.runtime.resource.loader.StringResourceLoader
2014-07-29 12:01:28,689 - Creating string repository using class org.apache.velocity.runtime.resource.util.StringResourceRepositoryImpl...
2014-07-29 12:01:28,690 - Default repository encoding is UTF-8
2014-07-29 12:01:28,701 - ResourceCache: initialized (class org.apache.velocity.runtime.resource.ResourceCacheImpl) with class java.util.Collections$SynchronizedMap cache map.
2014-07-29 12:01:28,702 - Loaded System Directive: org.apache.velocity.runtime.directive.Stop
2014-07-29 12:01:28,703 - Loaded System Directive: org.apache.velocity.runtime.directive.Define
2014-07-29 12:01:28,704 - Loaded System Directive: org.apache.velocity.runtime.directive.Break
2014-07-29 12:01:28,705 - Loaded System Directive: org.apache.velocity.runtime.directive.Evaluate
2014-07-29 12:01:28,706 - Loaded System Directive: org.apache.velocity.runtime.directive.Literal
2014-07-29 12:01:28,707 - Loaded System Directive: org.apache.velocity.runtime.directive.Macro
2014-07-29 12:01:28,708 - Loaded System Directive: org.apache.velocity.runtime.directive.Parse
2014-07-29 12:01:28,709 - Loaded System Directive: org.apache.velocity.runtime.directive.Include
2014-07-29 12:01:28,710 - Loaded System Directive: org.apache.velocity.runtime.directive.Foreach
2014-07-29 12:01:28,751 - Created '20' parsers.
2014-07-29 12:01:28,758 - Velocimacro : "velocimacro.library" is not set.  Trying default library: VM_global_library.vm
2014-07-29 12:01:28,758 - Velocimacro : Default library not found.
2014-07-29 12:01:28,758 - Velocimacro : allowInline = true : VMs can be defined inline in templates
2014-07-29 12:01:28,758 - Velocimacro : allowInlineToOverride = false : VMs defined inline may NOT replace previous VM definitions
2014-07-29 12:01:28,758 - Velocimacro : allowInlineLocal = false : VMs defined inline will be global in scope if allowed.
2014-07-29 12:01:28,758 - Velocimacro : autoload off : VM system will not automatically reload global library macros
2014-07-29 12:01:28,769 - ResourceManager : found temp.vm with loader org.apache.velocity.runtime.resource.loader.StringResourceLoader
2014-07-29 12:01:53,875 - Log4JLogChute initialized using file 'velocity.log'
2014-07-29 12:01:53,875 - Initializing Velocity, Calling init()...
2014-07-29 12:01:53,875 - Starting Apache Velocity v1.7 (compiled: 2010-11-19 12:14:37)
2014-07-29 12:01:53,876 - Default Properties File: org\apache\velocity\runtime\defaults\velocity.properties
2014-07-29 12:01:53,876 - Trying to use logger class org.apache.velocity.runtime.log.AvalonLogChute
2014-07-29 12:01:53,876 - Target log system for org.apache.velocity.runtime.log.AvalonLogChute is not available (java.lang.NoClassDefFoundError: org/apache/log/format/Formatter).  Falling back to next log system...
2014-07-29 12:01:53,876 - Trying to use logger class org.apache.velocity.runtime.log.Log4JLogChute
2014-07-29 12:01:53,876 - Using logger class org.apache.velocity.runtime.log.Log4JLogChute
2014-07-29 12:01:53,881 - ResourceLoader instantiated: org.apache.velocity.runtime.resource.loader.StringResourceLoader
2014-07-29 12:01:53,882 - Creating string repository using class org.apache.velocity.runtime.resource.util.StringResourceRepositoryImpl...
2014-07-29 12:01:53,882 - Default repository encoding is UTF-8
2014-07-29 12:01:53,894 - ResourceCache: initialized (class org.apache.velocity.runtime.resource.ResourceCacheImpl) with class java.util.Collections$SynchronizedMap cache map.
2014-07-29 12:01:53,896 - Loaded System Directive: org.apache.velocity.runtime.directive.Stop
2014-07-29 12:01:53,897 - Loaded System Directive: org.apache.velocity.runtime.directive.Define
2014-07-29 12:01:53,897 - Loaded System Directive: org.apache.velocity.runtime.directive.Break
2014-07-29 12:01:53,898 - Loaded System Directive: org.apache.velocity.runtime.directive.Evaluate
2014-07-29 12:01:53,899 - Loaded System Directive: org.apache.velocity.runtime.directive.Literal
2014-07-29 12:01:53,900 - Loaded System Directive: org.apache.velocity.runtime.directive.Macro
2014-07-29 12:01:53,901 - Loaded System Directive: org.apache.velocity.runtime.directive.Parse
2014-07-29 12:01:53,903 - Loaded System Directive: org.apache.velocity.runtime.directive.Include
2014-07-29 12:01:53,904 - Loaded System Directive: org.apache.velocity.runtime.directive.Foreach
2014-07-29 12:01:53,944 - Created '20' parsers.
2014-07-29 12:01:53,951 - Velocimacro : "velocimacro.library" is not set.  Trying default library: VM_global_library.vm
2014-07-29 12:01:53,952 - Velocimacro : Default library not found.
2014-07-29 12:01:53,952 - Velocimacro : allowInline = true : VMs can be defined inline in templates
2014-07-29 12:01:53,952 - Velocimacro : allowInlineToOverride = false : VMs defined inline may NOT replace previous VM definitions
2014-07-29 12:01:53,952 - Velocimacro : allowInlineLocal = false : VMs defined inline will be global in scope if allowed.
2014-07-29 12:01:53,952 - Velocimacro : autoload off : VM system will not automatically reload global library macros
2014-07-29 12:01:53,963 - ResourceManager : found temp.vm with loader org.apache.velocity.runtime.resource.loader.StringResourceLoader
2014-07-29 12:02:58,366 - Log4JLogChute initialized using file 'velocity.log'
2014-07-29 12:02:58,366 - Initializing Velocity, Calling init()...
2014-07-29 12:02:58,366 - Starting Apache Velocity v1.7 (compiled: 2010-11-19 12:14:37)
2014-07-29 12:02:58,366 - Default Properties File: org\apache\velocity\runtime\defaults\velocity.properties
2014-07-29 12:02:58,366 - Trying to use logger class org.apache.velocity.runtime.log.AvalonLogChute
2014-07-29 12:02:58,366 - Target log system for org.apache.velocity.runtime.log.AvalonLogChute is not available (java.lang.NoClassDefFoundError: org/apache/log/format/Formatter).  Falling back to next log system...
2014-07-29 12:02:58,366 - Trying to use logger class org.apache.velocity.runtime.log.Log4JLogChute
2014-07-29 12:02:58,366 - Using logger class org.apache.velocity.runtime.log.Log4JLogChute
2014-07-29 12:02:58,372 - ResourceLoader instantiated: org.apache.velocity.runtime.resource.loader.StringResourceLoader
2014-07-29 12:02:58,373 - Creating string repository using class org.apache.velocity.runtime.resource.util.StringResourceRepositoryImpl...
2014-07-29 12:02:58,373 - Default repository encoding is UTF-8
2014-07-29 12:02:58,384 - ResourceCache: initialized (class org.apache.velocity.runtime.resource.ResourceCacheImpl) with class java.util.Collections$SynchronizedMap cache map.
2014-07-29 12:02:58,386 - Loaded System Directive: org.apache.velocity.runtime.directive.Stop
2014-07-29 12:02:58,387 - Loaded System Directive: org.apache.velocity.runtime.directive.Define
2014-07-29 12:02:58,388 - Loaded System Directive: org.apache.velocity.runtime.directive.Break
2014-07-29 12:02:58,389 - Loaded System Directive: org.apache.velocity.runtime.directive.Evaluate
2014-07-29 12:02:58,389 - Loaded System Directive: org.apache.velocity.runtime.directive.Literal
2014-07-29 12:02:58,391 - Loaded System Directive: org.apache.velocity.runtime.directive.Macro
2014-07-29 12:02:58,392 - Loaded System Directive: org.apache.velocity.runtime.directive.Parse
2014-07-29 12:02:58,393 - Loaded System Directive: org.apache.velocity.runtime.directive.Include
2014-07-29 12:02:58,394 - Loaded System Directive: org.apache.velocity.runtime.directive.Foreach
2014-07-29 12:02:58,435 - Created '20' parsers.
2014-07-29 12:02:58,443 - Velocimacro : "velocimacro.library" is not set.  Trying default library: VM_global_library.vm
2014-07-29 12:02:58,443 - Velocimacro : Default library not found.
2014-07-29 12:02:58,443 - Velocimacro : allowInline = true : VMs can be defined inline in templates
2014-07-29 12:02:58,443 - Velocimacro : allowInlineToOverride = false : VMs defined inline may NOT replace previous VM definitions
2014-07-29 12:02:58,443 - Velocimacro : allowInlineLocal = false : VMs defined inline will be global in scope if allowed.
2014-07-29 12:02:58,443 - Velocimacro : autoload off : VM system will not automatically reload global library macros
2014-07-29 12:02:58,454 - ResourceManager : found temp.vm with loader org.apache.velocity.runtime.resource.loader.StringResourceLoader
2014-07-29 12:03:39,200 - Log4JLogChute initialized using file 'velocity.log'
2014-07-29 12:03:39,201 - Initializing Velocity, Calling init()...
2014-07-29 12:03:39,201 - Starting Apache Velocity v1.7 (compiled: 2010-11-19 12:14:37)
2014-07-29 12:03:39,201 - Default Properties File: org\apache\velocity\runtime\defaults\velocity.properties
2014-07-29 12:03:39,201 - Trying to use logger class org.apache.velocity.runtime.log.AvalonLogChute
2014-07-29 12:03:39,201 - Target log system for org.apache.velocity.runtime.log.AvalonLogChute is not available (java.lang.NoClassDefFoundError: org/apache/log/format/Formatter).  Falling back to next log system...
2014-07-29 12:03:39,201 - Trying to use logger class org.apache.velocity.runtime.log.Log4JLogChute
2014-07-29 12:03:39,201 - Using logger class org.apache.velocity.runtime.log.Log4JLogChute
2014-07-29 12:03:39,206 - ResourceLoader instantiated: org.apache.velocity.runtime.resource.loader.StringResourceLoader
2014-07-29 12:03:39,207 - Creating string repository using class org.apache.velocity.runtime.resource.util.StringResourceRepositoryImpl...
2014-07-29 12:03:39,207 - Default repository encoding is UTF-8
2014-07-29 12:03:39,219 - ResourceCache: initialized (class org.apache.velocity.runtime.resource.ResourceCacheImpl) with class java.util.Collections$SynchronizedMap cache map.
2014-07-29 12:03:39,221 - Loaded System Directive: org.apache.velocity.runtime.directive.Stop
2014-07-29 12:03:39,222 - Loaded System Directive: org.apache.velocity.runtime.directive.Define
2014-07-29 12:03:39,222 - Loaded System Directive: org.apache.velocity.runtime.directive.Break
2014-07-29 12:03:39,223 - Loaded System Directive: org.apache.velocity.runtime.directive.Evaluate
2014-07-29 12:03:39,224 - Loaded System Directive: org.apache.velocity.runtime.directive.Literal
2014-07-29 12:03:39,225 - Loaded System Directive: org.apache.velocity.runtime.directive.Macro
2014-07-29 12:03:39,226 - Loaded System Directive: org.apache.velocity.runtime.directive.Parse
2014-07-29 12:03:39,228 - Loaded System Directive: org.apache.velocity.runtime.directive.Include
2014-07-29 12:03:39,229 - Loaded System Directive: org.apache.velocity.runtime.directive.Foreach
2014-07-29 12:03:39,270 - Created '20' parsers.
2014-07-29 12:03:39,277 - Velocimacro : "velocimacro.library" is not set.  Trying default library: VM_global_library.vm
2014-07-29 12:03:39,277 - Velocimacro : Default library not found.
2014-07-29 12:03:39,277 - Velocimacro : allowInline = true : VMs can be defined inline in templates
2014-07-29 12:03:39,277 - Velocimacro : allowInlineToOverride = false : VMs defined inline may NOT replace previous VM definitions
2014-07-29 12:03:39,277 - Velocimacro : allowInlineLocal = false : VMs defined inline will be global in scope if allowed.
2014-07-29 12:03:39,277 - Velocimacro : autoload off : VM system will not automatically reload global library macros
2014-07-29 12:03:39,288 - ResourceManager : found temp.vm with loader org.apache.velocity.runtime.resource.loader.StringResourceLoader
2014-07-29 12:05:26,212 - Log4JLogChute initialized using file 'velocity.log'
2014-07-29 12:05:26,213 - Initializing Velocity, Calling init()...
2014-07-29 12:05:26,213 - Starting Apache Velocity v1.7 (compiled: 2010-11-19 12:14:37)
2014-07-29 12:05:26,213 - Default Properties File: org\apache\velocity\runtime\defaults\velocity.properties
2014-07-29 12:05:26,213 - Trying to use logger class org.apache.velocity.runtime.log.AvalonLogChute
2014-07-29 12:05:26,213 - Target log system for org.apache.velocity.runtime.log.AvalonLogChute is not available (java.lang.NoClassDefFoundError: org/apache/log/format/Formatter).  Falling back to next log system...
2014-07-29 12:05:26,213 - Trying to use logger class org.apache.velocity.runtime.log.Log4JLogChute
2014-07-29 12:05:26,213 - Using logger class org.apache.velocity.runtime.log.Log4JLogChute
2014-07-29 12:05:26,219 - ResourceLoader instantiated: org.apache.velocity.runtime.resource.loader.StringResourceLoader
2014-07-29 12:05:26,220 - Creating string repository using class org.apache.velocity.runtime.resource.util.StringResourceRepositoryImpl...
2014-07-29 12:05:26,220 - Default repository encoding is UTF-8
2014-07-29 12:05:26,231 - ResourceCache: initialized (class org.apache.velocity.runtime.resource.ResourceCacheImpl) with class java.util.Collections$SynchronizedMap cache map.
2014-07-29 12:05:26,232 - Loaded System Directive: org.apache.velocity.runtime.directive.Stop
2014-07-29 12:05:26,234 - Loaded System Directive: org.apache.velocity.runtime.directive.Define
2014-07-29 12:05:26,234 - Loaded System Directive: org.apache.velocity.runtime.directive.Break
2014-07-29 12:05:26,235 - Loaded System Directive: org.apache.velocity.runtime.directive.Evaluate
2014-07-29 12:05:26,236 - Loaded System Directive: org.apache.velocity.runtime.directive.Literal
2014-07-29 12:05:26,237 - Loaded System Directive: org.apache.velocity.runtime.directive.Macro
2014-07-29 12:05:26,238 - Loaded System Directive: org.apache.velocity.runtime.directive.Parse
2014-07-29 12:05:26,240 - Loaded System Directive: org.apache.velocity.runtime.directive.Include
2014-07-29 12:05:26,241 - Loaded System Directive: org.apache.velocity.runtime.directive.Foreach
2014-07-29 12:05:26,281 - Created '20' parsers.
2014-07-29 12:05:26,289 - Velocimacro : "velocimacro.library" is not set.  Trying default library: VM_global_library.vm
2014-07-29 12:05:26,289 - Velocimacro : Default library not found.
2014-07-29 12:05:26,289 - Velocimacro : allowInline = true : VMs can be defined inline in templates
2014-07-29 12:05:26,289 - Velocimacro : allowInlineToOverride = false : VMs defined inline may NOT replace previous VM definitions
2014-07-29 12:05:26,289 - Velocimacro : allowInlineLocal = false : VMs defined inline will be global in scope if allowed.
2014-07-29 12:05:26,289 - Velocimacro : autoload off : VM system will not automatically reload global library macros
2014-07-29 12:05:26,300 - ResourceManager : found temp.vm with loader org.apache.velocity.runtime.resource.loader.StringResourceLoader
2014-07-29 12:07:19,578 - Log4JLogChute initialized using file 'velocity.log'
2014-07-29 12:07:19,579 - Initializing Velocity, Calling init()...
2014-07-29 12:07:19,579 - Starting Apache Velocity v1.7 (compiled: 2010-11-19 12:14:37)
2014-07-29 12:07:19,579 - Default Properties File: org\apache\velocity\runtime\defaults\velocity.properties
2014-07-29 12:07:19,579 - Trying to use logger class org.apache.velocity.runtime.log.AvalonLogChute
2014-07-29 12:07:19,579 - Target log system for org.apache.velocity.runtime.log.AvalonLogChute is not available (java.lang.NoClassDefFoundError: org/apache/log/format/Formatter).  Falling back to next log system...
2014-07-29 12:07:19,579 - Trying to use logger class org.apache.velocity.runtime.log.Log4JLogChute
2014-07-29 12:07:19,579 - Using logger class org.apache.velocity.runtime.log.Log4JLogChute
2014-07-29 12:07:19,584 - ResourceLoader instantiated: org.apache.velocity.runtime.resource.loader.StringResourceLoader
2014-07-29 12:07:19,585 - Creating string repository using class org.apache.velocity.runtime.resource.util.StringResourceRepositoryImpl...
2014-07-29 12:07:19,585 - Default repository encoding is UTF-8
2014-07-29 12:07:19,597 - ResourceCache: initialized (class org.apache.velocity.runtime.resource.ResourceCacheImpl) with class java.util.Collections$SynchronizedMap cache map.
2014-07-29 12:07:19,598 - Loaded System Directive: org.apache.velocity.runtime.directive.Stop
2014-07-29 12:07:19,600 - Loaded System Directive: org.apache.velocity.runtime.directive.Define
2014-07-29 12:07:19,600 - Loaded System Directive: org.apache.velocity.runtime.directive.Break
2014-07-29 12:07:19,601 - Loaded System Directive: org.apache.velocity.runtime.directive.Evaluate
2014-07-29 12:07:19,602 - Loaded System Directive: org.apache.velocity.runtime.directive.Literal
2014-07-29 12:07:19,603 - Loaded System Directive: org.apache.velocity.runtime.directive.Macro
2014-07-29 12:07:19,604 - Loaded System Directive: org.apache.velocity.runtime.directive.Parse
2014-07-29 12:07:19,605 - Loaded System Directive: org.apache.velocity.runtime.directive.Include
2014-07-29 12:07:19,607 - Loaded System Directive: org.apache.velocity.runtime.directive.Foreach
2014-07-29 12:07:19,647 - Created '20' parsers.
2014-07-29 12:07:19,654 - Velocimacro : "velocimacro.library" is not set.  Trying default library: VM_global_library.vm
2014-07-29 12:07:19,654 - Velocimacro : Default library not found.
2014-07-29 12:07:19,654 - Velocimacro : allowInline = true : VMs can be defined inline in templates
2014-07-29 12:07:19,654 - Velocimacro : allowInlineToOverride = false : VMs defined inline may NOT replace previous VM definitions
2014-07-29 12:07:19,654 - Velocimacro : allowInlineLocal = false : VMs defined inline will be global in scope if allowed.
2014-07-29 12:07:19,654 - Velocimacro : autoload off : VM system will not automatically reload global library macros
2014-07-29 12:07:19,665 - ResourceManager : found temp.vm with loader org.apache.velocity.runtime.resource.loader.StringResourceLoader
2014-07-29 12:16:24,477 - Log4JLogChute initialized using file 'velocity.log'
2014-07-29 12:16:24,477 - Initializing Velocity, Calling init()...
2014-07-29 12:16:24,477 - Starting Apache Velocity v1.7 (compiled: 2010-11-19 12:14:37)
2014-07-29 12:16:24,478 - Default Properties File: org\apache\velocity\runtime\defaults\velocity.properties
2014-07-29 12:16:24,478 - Trying to use logger class org.apache.velocity.runtime.log.AvalonLogChute
2014-07-29 12:16:24,478 - Target log system for org.apache.velocity.runtime.log.AvalonLogChute is not available (java.lang.NoClassDefFoundError: org/apache/log/format/Formatter).  Falling back to next log system...
2014-07-29 12:16:24,478 - Trying to use logger class org.apache.velocity.runtime.log.Log4JLogChute
2014-07-29 12:16:24,478 - Using logger class org.apache.velocity.runtime.log.Log4JLogChute
2014-07-29 12:16:24,483 - ResourceLoader instantiated: org.apache.velocity.runtime.resource.loader.StringResourceLoader
2014-07-29 12:16:24,484 - Creating string repository using class org.apache.velocity.runtime.resource.util.StringResourceRepositoryImpl...
2014-07-29 12:16:24,484 - Default repository encoding is UTF-8
2014-07-29 12:16:24,495 - ResourceCache: initialized (class org.apache.velocity.runtime.resource.ResourceCacheImpl) with class java.util.Collections$SynchronizedMap cache map.
2014-07-29 12:16:24,497 - Loaded System Directive: org.apache.velocity.runtime.directive.Stop
2014-07-29 12:16:24,498 - Loaded System Directive: org.apache.velocity.runtime.directive.Define
2014-07-29 12:16:24,499 - Loaded System Directive: org.apache.velocity.runtime.directive.Break
2014-07-29 12:16:24,500 - Loaded System Directive: org.apache.velocity.runtime.directive.Evaluate
2014-07-29 12:16:24,500 - Loaded System Directive: org.apache.velocity.runtime.directive.Literal
2014-07-29 12:16:24,502 - Loaded System Directive: org.apache.velocity.runtime.directive.Macro
2014-07-29 12:16:24,503 - Loaded System Directive: org.apache.velocity.runtime.directive.Parse
2014-07-29 12:16:24,504 - Loaded System Directive: org.apache.velocity.runtime.directive.Include
2014-07-29 12:16:24,505 - Loaded System Directive: org.apache.velocity.runtime.directive.Foreach
2014-07-29 12:16:24,539 - Created '20' parsers.
2014-07-29 12:16:24,547 - Velocimacro : "velocimacro.library" is not set.  Trying default library: VM_global_library.vm
2014-07-29 12:16:24,547 - Velocimacro : Default library not found.
2014-07-29 12:16:24,547 - Velocimacro : allowInline = true : VMs can be defined inline in templates
2014-07-29 12:16:24,547 - Velocimacro : allowInlineToOverride = false : VMs defined inline may NOT replace previous VM definitions
2014-07-29 12:16:24,547 - Velocimacro : allowInlineLocal = false : VMs defined inline will be global in scope if allowed.
2014-07-29 12:16:24,547 - Velocimacro : autoload off : VM system will not automatically reload global library macros
2014-07-29 12:16:24,559 - ResourceManager : found temp.vm with loader org.apache.velocity.runtime.resource.loader.StringResourceLoader
